<?xml version="1.0" encoding="UTF-8"?>
<testng-results skipped="0" failed="1" ignored="0" total="2" passed="1">
  <reporter-output>
  </reporter-output>
  <suite name="Suite1" duration-ms="112093" started-at="2021-11-10T19:27:24 IST" finished-at="2021-11-10T19:29:16 IST">
    <groups>
    </groups>
    <test name="Daraz_Suite" duration-ms="112093" started-at="2021-11-10T19:27:24 IST" finished-at="2021-11-10T19:29:16 IST">
      <class name="com.qe.daraz.TestObjects.DarazTest">
        <test-method status="PASS" signature="beforClass(java.lang.String, java.lang.String)[pri:0, instance:com.qe.daraz.TestObjects.DarazTest@1f57539]" name="beforClass" is-config="true" duration-ms="19105" started-at="2021-11-10T19:27:24 IST" finished-at="2021-11-10T19:27:43 IST">
          <params>
            <param index="0">
              <value>
                <![CDATA[daraztest001@mailinator.com]]>
              </value>
            </param>
            <param index="1">
              <value>
                <![CDATA[1qaz2wsx@E]]>
              </value>
            </param>
          </params>
          <reporter-output>
          </reporter-output>
        </test-method> <!-- beforClass -->
        <test-method status="PASS" signature="beforMethod()[pri:0, instance:com.qe.daraz.TestObjects.DarazTest@1f57539]" name="beforMethod" is-config="true" duration-ms="0" started-at="2021-11-10T19:27:43 IST" finished-at="2021-11-10T19:27:43 IST">
          <reporter-output>
          </reporter-output>
        </test-method> <!-- beforMethod -->
        <test-method status="FAIL" signature="verifyFromTheSameStroeItemCount()[pri:1, instance:com.qe.daraz.TestObjects.DarazTest@1f57539]" name="verifyFromTheSameStroeItemCount" duration-ms="45373" started-at="2021-11-10T19:27:43 IST" finished-at="2021-11-10T19:28:28 IST">
          <exception class="java.lang.AssertionError">
            <message>
              <![CDATA[same store item count not matched expected [4] but found [0]]]>
            </message>
            <full-stacktrace>
              <![CDATA[java.lang.AssertionError: same store item count not matched expected [4] but found [0]
at org.testng.Assert.fail(Assert.java:97)
at org.testng.Assert.assertEqualsImpl(Assert.java:136)
at org.testng.Assert.assertEquals(Assert.java:118)
at org.testng.Assert.assertEquals(Assert.java:839)
at com.qe.daraz.TestObjects.DarazTest.verifyFromTheSameStroeItemCount(DarazTest.java:53)
at sun.reflect.NativeMethodAccessorImpl.invoke0(Native Method)
at sun.reflect.NativeMethodAccessorImpl.invoke(NativeMethodAccessorImpl.java:62)
at sun.reflect.DelegatingMethodAccessorImpl.invoke(DelegatingMethodAccessorImpl.java:43)
at java.lang.reflect.Method.invoke(Method.java:498)
at org.testng.internal.MethodInvocationHelper.invokeMethod(MethodInvocationHelper.java:133)
at org.testng.internal.TestInvoker.invokeMethod(TestInvoker.java:584)
at org.testng.internal.TestInvoker.invokeTestMethod(TestInvoker.java:172)
at org.testng.internal.MethodRunner.runInSequence(MethodRunner.java:46)
at org.testng.internal.TestInvoker$MethodInvocationAgent.invoke(TestInvoker.java:804)
at org.testng.internal.TestInvoker.invokeTestMethods(TestInvoker.java:145)
at org.testng.internal.TestMethodWorker.invokeTestMethods(TestMethodWorker.java:146)
at org.testng.internal.TestMethodWorker.run(TestMethodWorker.java:128)
at java.util.concurrent.ThreadPoolExecutor.runWorker(ThreadPoolExecutor.java:1149)
at java.util.concurrent.ThreadPoolExecutor$Worker.run(ThreadPoolExecutor.java:624)
at java.lang.Thread.run(Thread.java:748)
]]>
            </full-stacktrace>
          </exception> <!-- java.lang.AssertionError -->
          <reporter-output>
          </reporter-output>
        </test-method> <!-- verifyFromTheSameStroeItemCount -->
        <test-method status="PASS" signature="afterMethod()[pri:0, instance:com.qe.daraz.TestObjects.DarazTest@1f57539]" name="afterMethod" is-config="true" duration-ms="1146" started-at="2021-11-10T19:28:28 IST" finished-at="2021-11-10T19:28:30 IST">
          <reporter-output>
          </reporter-output>
        </test-method> <!-- afterMethod -->
        <test-method status="PASS" signature="beforMethod()[pri:0, instance:com.qe.daraz.TestObjects.DarazTest@1f57539]" name="beforMethod" is-config="true" duration-ms="14865" started-at="2021-11-10T19:28:30 IST" finished-at="2021-11-10T19:28:44 IST">
          <reporter-output>
          </reporter-output>
        </test-method> <!-- beforMethod -->
        <test-method status="PASS" signature="verifyFromTheSameStroeItemPriceRange()[pri:2, instance:com.qe.daraz.TestObjects.DarazTest@1f57539]" name="verifyFromTheSameStroeItemPriceRange" duration-ms="30301" started-at="2021-11-10T19:28:44 IST" finished-at="2021-11-10T19:29:15 IST">
          <reporter-output>
          </reporter-output>
        </test-method> <!-- verifyFromTheSameStroeItemPriceRange -->
        <test-method status="PASS" signature="afterMethod()[pri:0, instance:com.qe.daraz.TestObjects.DarazTest@1f57539]" name="afterMethod" is-config="true" duration-ms="1258" started-at="2021-11-10T19:29:15 IST" finished-at="2021-11-10T19:29:16 IST">
          <reporter-output>
          </reporter-output>
        </test-method> <!-- afterMethod -->
        <test-method status="PASS" signature="tearDown()[pri:0, instance:com.qe.daraz.TestObjects.DarazTest@1f57539]" name="tearDown" is-config="true" duration-ms="1" started-at="2021-11-10T19:29:16 IST" finished-at="2021-11-10T19:29:16 IST">
          <reporter-output>
          </reporter-output>
        </test-method> <!-- tearDown -->
      </class> <!-- com.qe.daraz.TestObjects.DarazTest -->
    </test> <!-- Daraz_Suite -->
  </suite> <!-- Suite1 -->
</testng-results>
